06-10-2022 11:25:28 : INFO : log-submit : Write_Info : 20 : Try navagating to https://terralogic.paxanimi.ai/login...
06-10-2022 11:25:40 : INFO : log-submit : Write_Info : 20 : Done get URL
06-10-2022 11:25:41 : INFO : log-submit : Write_Info : 20 : Try logging to HROS by TL account.
06-10-2022 11:25:41 : INFO : log-submit : Write_Info : 20 : Typing your email!
06-10-2022 11:25:42 : INFO : log-submit : Write_Info : 20 : Done!
06-10-2022 11:25:42 : INFO : log-submit : Write_Info : 20 : Typing your password!
06-10-2022 11:25:43 : INFO : log-submit : Write_Info : 20 : Done!
06-10-2022 11:25:50 : INFO : log-submit : Write_Info : 20 : Done logging!
06-10-2022 11:25:50 : INFO : log-submit : Write_Info : 20 : Trying navigate to TimeSheet page
06-10-2022 11:25:51 : INFO : log-submit : Write_Info : 20 : Done navigate to TimeSheet!
06-10-2022 11:25:51 : INFO : log-submit : Write_Info : 20 : Try adding TimeSheet
06-10-2022 11:25:51 : INFO : log-submit : Write_Info : 20 : Try click on add task button.
06-10-2022 11:25:58 : INFO : log-submit : Write_Info : 20 : Done!
06-10-2022 11:25:58 : INFO : log-submit : Write_Info : 20 : Entering date ...
06-10-2022 11:26:00 : INFO : log-submit : Write_Info : 20 : Done!
06-10-2022 11:26:00 : INFO : log-submit : Write_Info : 20 : Entering check in time ...
06-10-2022 11:26:03 : INFO : log-submit : Write_Info : 20 : Done!
06-10-2022 11:26:03 : INFO : log-submit : Write_Info : 20 : Entering check out time ...
06-10-2022 11:26:04 : INFO : log-submit : Write_Info : 20 : Done!
06-10-2022 11:26:04 : INFO : log-submit : Write_Info : 20 : Entering project ...
06-10-2022 11:26:05 : INFO : log-submit : Write_Info : 20 : Done!
06-10-2022 11:26:05 : INFO : log-submit : Write_Info : 20 : Entering task ...
06-10-2022 11:26:06 : INFO : log-submit : Write_Info : 20 : Done!
06-10-2022 11:26:06 : INFO : log-submit : Write_Info : 20 : Entering description ...
06-10-2022 11:26:07 : INFO : log-submit : Write_Info : 20 : Done!
06-10-2022 11:26:07 : INFO : log-submit : Write_Info : 20 : submitting ...
06-10-2022 11:26:07 : INFO : log-submit : Write_Info : 20 : Your TimeSheet have been submitted
